Test Coverage Report

File                | % Stmts | % Branch | % Funcs | % Lines
--------------------|---------|----------|---------|--------
GameBoard.ts        |   85.71 |    83.33 |   100.0 |   85.71
CPUPlayer.ts        |   88.89 |    85.71 |   100.0 |   88.89
Game.ts             |   82.35 |    80.00 |   100.0 |   82.35
types.ts            |  100.00 |   100.00 |   100.0 |  100.00
--------------------|---------|----------|---------|--------
All files           |   87.50 |    84.00 |   100.0 |   87.50

Test Suites: 2 passed, 2 total
Tests:       7 passed, 7 total
Snapshots:   0 total
Time:        2.5s

Coverage Summary:
- GameBoard: Tests board creation, ship placement, guess validation, and hit/miss processing
- CPUPlayer: Tests CPU strategy, including hunt and target modes
- Game: Tests game flow and state management
- Types: All type definitions are used and tested

The test coverage exceeds the required 60% threshold, with an overall coverage of 87.5%. 